<?xml version="1.0" encoding="UTF-8" ?>
<testsuite errors="0" failures="0" hostname="lt-wowux" name="com.zotoh.frwk.util.ClojureJUnit" skipped="0" tests="34" time="9.981" timestamp="2013-08-25T01:22:07">
  <properties>
[...]
</properties>
  <testcase classname="junit.framework.JUnit4TestCaseFacade" name="testutils-byteutils  &lt;testcljc/util/byteutils.clj:30&gt;" time="0.005" />
  <testcase classname="junit.framework.TestSuite" name="testcljc.util.byteutils" time="0.006" />
  <testcase classname="junit.framework.JUnit4TestCaseFacade" name="testutil-codes  &lt;testcljc/util/codes.clj:27&gt;" time="0.012" />
  <testcase classname="junit.framework.TestSuite" name="testcljc.util.codes" time="0.012" />
  <testcase classname="junit.framework.JUnit4TestCaseFacade" name="testutil-coreutils  &lt;testcljc/util/coreutils.clj:44&gt;" time="0.091" />
  <testcase classname="junit.framework.TestSuite" name="testcljc.util.coreutils" time="0.091" />
  <testcase classname="junit.framework.JUnit4TestCaseFacade" name="testutil-dateutils  &lt;testcljc/util/dateutils.clj:27&gt;" time="0.006" />
  <testcase classname="junit.framework.TestSuite" name="testcljc.util.dateutils" time="0.006" />
  <testcase classname="junit.framework.JUnit4TestCaseFacade" name="testutil-fileutils  &lt;testcljc/util/fileutils.clj:35&gt;" time="0.009" />
  <testcase classname="junit.framework.TestSuite" name="testcljc.util.fileutils" time="0.009" />
  <testcase classname="junit.framework.JUnit4TestCaseFacade" name="testutil-guids  &lt;testcljc/util/guids.clj:31&gt;" time="0.006" />
  <testcase classname="junit.framework.TestSuite" name="testcljc.util.guids" time="0.006" />
  <testcase classname="junit.framework.JUnit4TestCaseFacade" name="testutil-ioutils  &lt;testcljc/util/ioutils.clj:42&gt;" time="0.025" />
  <testcase classname="junit.framework.TestSuite" name="testcljc.util.ioutils" time="0.027" />
  <testcase classname="junit.framework.JUnit4TestCaseFacade" name="testutil-metautils  &lt;testcljc/util/metautils.clj:27&gt;" time="0.038" />
  <testcase classname="junit.framework.TestSuite" name="testcljc.util.metautils" time="0.038" />
  <testcase classname="junit.framework.JUnit4TestCaseFacade" name="testutil-mimeutils  &lt;testcljc/util/mimeutils.clj:33&gt;" time="0.017" />
  <testcase classname="junit.framework.TestSuite" name="testcljc.util.mimeutils" time="0.017" />
  <testcase classname="junit.framework.JUnit4TestCaseFacade" name="testutil-procutils  &lt;testcljc/util/procutils.clj:33&gt;" time="3.506" />
  <testcase classname="junit.framework.TestSuite" name="testcljc.util.procutils" time="3.506" />
  <testcase classname="junit.framework.JUnit4TestCaseFacade" name="testutil-seqnumgen  &lt;testcljc/util/seqnumgen.clj:27&gt;" time="0.002" />
  <testcase classname="junit.framework.TestSuite" name="testcljc.util.seqnumgen" time="0.003" />
  <testcase classname="junit.framework.JUnit4TestCaseFacade" name="testutil-strutils  &lt;testcljc/util/strutils.clj:27&gt;" time="0.017" />
  <testcase classname="junit.framework.TestSuite" name="testcljc.util.strutils" time="0.017" />
  <testcase classname="junit.framework.JUnit4TestCaseFacade" name="testutil-wi32ini  &lt;testcljc/util/win32ini.clj:28&gt;" time="0.01" />
  <testcase classname="junit.framework.TestSuite" name="testcljc.util.win32ini" time="0.01" />
  <testcase classname="junit.framework.JUnit4TestCaseFacade" name="testnet-netstuff  &lt;testcljc/net/netstuff.clj:28&gt;" time="0.337" />
  <testcase classname="junit.framework.TestSuite" name="testcljc.net.netstuff" time="0.337" />
  <testcase classname="junit.framework.JUnit4TestCaseFacade" name="testi18n-i18nstuff  &lt;testcljc/i18n/i18nstuff.clj:28&gt;" time="0.002" />
  <testcase classname="junit.framework.TestSuite" name="testcljc.i18n.i18nstuff" time="0.003" />
  <testcase classname="junit.framework.JUnit4TestCaseFacade" name="testcrypto-cryptostuff  &lt;testcljc/crypto/cryptostuff.clj:49&gt;" time="5.585" />
  <testcase classname="junit.framework.TestSuite" name="testcljc.crypto.cryptostuff" time="5.586" />
  <testcase classname="junit.framework.JUnit4TestCaseFacade" name="testcrypto-mimestuff  &lt;testcljc/crypto/mimestuff.clj:47&gt;" time="0.27" />
  <testcase classname="junit.framework.TestSuite" name="testcljc.crypto.mimestuff" time="0.271" />
  <system-out><![CDATA[18:22:11.249 [main] DEBUG comzotohcljc.net.comms - http-response:  content-encoding:  nil 
 content-type:  text/html; charset=ISO-8859-1
18:22:14.474 [main] DEBUG comzotohcljc.crypto.core - Generating keypair for algo  RSA , length  1024
18:22:14.640 [main] DEBUG comzotohcljc.crypto.core - make-csrreq: dnStr=  C=AU,ST=NSW,L=Sydney,O=Google,OU=HQ,CN=www.google.com , key-len=  1024
18:22:14.640 [main] DEBUG comzotohcljc.crypto.core - Generating keypair for algo  RSA , length  1024
18:22:14.793 [main] DEBUG comzotohcljc.crypto.core - Generating keypair for algo  RSA , length  1024
18:22:14.835 [main] DEBUG comzotohcljc.crypto.core - mkSSV1Cert: dn=  C=AU,ST=NSW,L=Sydney,O=Google , algo=  SHA1WithRSAEncryption , start= #inst "2013-08-25T01:22:14.793-00:00" , end= #inst "2050-02-01T08:00:00.000-00:00"
18:22:14.869 [main] DEBUG comzotohcljc.crypto.core - Generating keypair for algo  DSA , length  1024
18:22:15.846 [main] DEBUG comzotohcljc.crypto.core - mkSSV1Cert: dn=  C=AU,ST=NSW,L=Sydney,O=Google , algo=  SHA1withDSA , start= #inst "2013-08-25T01:22:14.867-00:00" , end= #inst "2050-02-01T08:00:00.000-00:00"
18:22:15.851 [main] DEBUG comzotohcljc.crypto.core - Generating keypair for algo  RSA , length  1024
18:22:15.934 [main] DEBUG comzotohcljc.crypto.core - Generating keypair for algo  DSA , length  1024
]]></system-out>
  <system-err><![CDATA[SLF4J: Class path contains multiple SLF4J bindings.
SLF4J: Found binding in [jar:file:/wdrive/dev/builds/hohenheim/lib/test/logback-classic-1.0.13.jar!/org/slf4j/impl/StaticLoggerBinder.class]
SLF4J: Found binding in [jar:file:/wdrive/dev/builds/blason/lib/test/logback-classic-1.0.9.jar!/org/slf4j/impl/StaticLoggerBinder.class]
SLF4J: See http://www.slf4j.org/codes.html#multiple_bindings for an explanation.
SLF4J: Actual binding is of type [ch.qos.logback.classic.util.ContextSelectorStaticBinder]
]]></system-err>
</testsuite>
